\BOOKMARK [1][-]{section*.1}{Abstract}{}% 1
\BOOKMARK [1][-]{section.1}{Einf\374hrung}{}% 2
\BOOKMARK [2][-]{subsection.1.1}{Motivation}{section.1}% 3
\BOOKMARK [2][-]{subsection.1.2}{Aufbau}{section.1}% 4
\BOOKMARK [1][-]{section.2}{Einleitung}{}% 5
\BOOKMARK [2][-]{subsection.2.1}{Webcrawler}{section.2}% 6
\BOOKMARK [3][-]{subsubsection.2.1.1}{Definition}{subsection.2.1}% 7
\BOOKMARK [3][-]{subsubsection.2.1.2}{Funktionsweise}{subsection.2.1}% 8
\BOOKMARK [3][-]{subsubsection.2.1.3}{Interaktionsm\366glichkeiten}{subsection.2.1}% 9
\BOOKMARK [3][-]{subsubsection.2.1.4}{GoogleBot}{subsection.2.1}% 10
\BOOKMARK [2][-]{subsection.2.2}{Tarpitting}{section.2}% 11
\BOOKMARK [3][-]{subsubsection.2.2.1}{Definition}{subsection.2.2}% 12
\BOOKMARK [3][-]{subsubsection.2.2.2}{Formen}{subsection.2.2}% 13
\BOOKMARK [3][-]{subsubsection.2.2.3}{HTTP-Tarpit}{subsection.2.2}% 14
\BOOKMARK [1][-]{section.3}{Hauptteil}{}% 15
\BOOKMARK [2][-]{subsection.3.1}{Ziel des Projektes}{section.3}% 16
\BOOKMARK [2][-]{subsection.3.2}{Umsetzung}{section.3}% 17
\BOOKMARK [3][-]{subsubsection.3.2.1}{Allgemein}{subsection.3.2}% 18
\BOOKMARK [3][-]{subsubsection.3.2.2}{Hyperlink-Tarpit}{subsection.3.2}% 19
\BOOKMARK [3][-]{subsubsection.3.2.3}{Harvester-Tarpit}{subsection.3.2}% 20
\BOOKMARK [3][-]{subsubsection.3.2.4}{Brute-Force-Tarpit}{subsection.3.2}% 21
\BOOKMARK [2][-]{subsection.3.3}{Auswertung}{section.3}% 22
\BOOKMARK [3][-]{subsubsection.3.3.1}{Hyperlink-Tarpit}{subsection.3.3}% 23
\BOOKMARK [3][-]{subsubsection.3.3.2}{Harvester-Tarpit}{subsection.3.3}% 24
\BOOKMARK [3][-]{subsubsection.3.3.3}{Brute-Force-Tarpit}{subsection.3.3}% 25
\BOOKMARK [1][-]{section.4}{Schlussteil}{}% 26
\BOOKMARK [2][-]{subsection.4.1}{Zusammenfassung der Ergebnisse}{section.4}% 27
\BOOKMARK [2][-]{subsection.4.2}{Ausblick}{section.4}% 28
\BOOKMARK [1][-]{section*.5}{Literatur}{}% 29
\BOOKMARK [1][-]{section*.6}{Abbildungsverzeichnis}{}% 30
\BOOKMARK [1][-]{section*.7}{Tabellenverzeichnis}{}% 31
\BOOKMARK [1][-]{section*.8}{Weiterf\374hrende Links}{}% 32
\BOOKMARK [1][-]{section*.9}{Anh\344nge}{}% 33
